1993 Mar 22 09:33:36 <C> system.asm 1.0 JACKN 6429 259 Original program.
1993 Mar 22 09:33:36 <C> local.cpp 1.0 JACKN 1588 72 Original program; 9302.03
1993 Mar 22 09:33:36 <C> system.h 1.0 JACKN 713 30 Original program.
1993 Mar 22 09:33:36 <C> local.exe 1.0 JACKN 19524 0
1993 Mar 22 09:33:38 <RC> 1_0_0 JACKN
1993 Mar 22 09:33:38 <RA> local.exe 1.0 1_0_0 JACKN
1993 Mar 22 09:33:38 <RA> system.h 1.0 1_0_0 JACKN
1993 Mar 22 09:33:38 <RA> local.cpp 1.0 1_0_0 JACKN
1993 Mar 22 09:33:38 <RA> system.asm 1.0 1_0_0 JACKN
1993 Mar 22 09:33:40 <OL> local.exe 1.0 JACKN 19524 0
1993 Mar 22 09:33:40 <OL> system.h 1.0 JACKN 713 30
1993 Mar 22 09:33:40 <OL> local.cpp 1.0 JACKN 1588 72
1993 Mar 22 09:33:40 <OL> system.asm 1.0 JACKN 6429 259
1993 Mar 22 09:37:12 <U> system.asm JACKN
1993 Mar 22 09:37:12 <I> local.cpp 1.1 JACKN 1666 77 34 29 Return available local drive without changing; 9302.09
1993 Mar 22 09:37:12 <U> system.h JACKN
1993 Mar 22 09:37:12 <I> local.exe 1.1 JACKN 19642 77 1 0
1993 Mar 22 09:37:14 <RC> 1_1_0 JACKN
1993 Mar 22 09:37:14 <RA> local.exe 1.1 1_1_0 JACKN
1993 Mar 22 09:37:14 <RA> system.h 1.0 1_1_0 JACKN
1993 Mar 22 09:37:14 <RA> local.cpp 1.1 1_1_0 JACKN
1993 Mar 22 09:37:14 <RA> system.asm 1.0 1_1_0 JACKN
1993 Mar 22 09:37:16 <OL> local.exe 1.1 JACKN 19642 0
1993 Mar 22 09:37:16 <OL> system.h 1.0 JACKN 713 30
1993 Mar 22 09:37:16 <OL> local.cpp 1.1 JACKN 1666 77
1993 Mar 22 09:37:16 <OL> system.asm 1.0 JACKN 6429 259
